<?xml version="1.0" encoding="UTF-8"?>
<!-- Generated by org.testng.reporters.JUnitXMLReporter -->
<testsuite ignored="0" hostname="NMSLAP511" failures="0" tests="3" name="Default test" time="34.635" errors="0" timestamp="2025-03-17T14:53:01 IST">
  <testcase classname="Web_Testing.in.letcode.Input_Boxes" name="chromeLaunch" time="16.369"/>
  <testcase classname="Web_Testing.in.letcode.Input_Boxes" name="inputBoxes" time="0.005"/>
  <testcase classname="Web_Testing.in.letcode.Input_Boxes" name="homePageLogin" time="18.077"/>
</testsuite> <!-- Default test -->
