<?xml version="1.0" encoding="UTF-8"?>
<!-- Generated by org.testng.reporters.JUnitXMLReporter -->
<testsuite ignored="1" hostname="NMSLAP511" failures="0" tests="2" name="Browser Test" time="30.69" errors="0" timestamp="2025-02-18T16:02:44 IST">
  <testcase classname="Web_Testing.in.letcode.ParallelExecution" name="browserLaunch" time="22.391"/>
  <testcase classname="Web_Testing.in.letcode.DataProviderTest" name="paraCheck" time="30.529"/>
  <testcase classname="Web_Testing.in.letcode.DataProviderTest" name="loginCheck" time="0.0">
    <ignored/>
  </testcase> <!-- loginCheck -->
</testsuite> <!-- Browser Test -->
