<?xml version="1.0" encoding="UTF-8"?>
<!-- Generated by org.testng.reporters.JUnitXMLReporter -->
<testsuite ignored="0" hostname="DESKTOP-B08FA96" failures="1" tests="3" name="Browser Test" time="0.058" errors="0" timestamp="2025-06-14T08:25:25 IST">
  <testcase classname="Web_Testing.in.letcode.Input_Boxes" name="chromeLaunch" time="0.005">
    <failure type="java.lang.NullPointerException" message="Cannot invoke &amp;quot;String.equals(Object)&amp;quot; because &amp;quot;browserName&amp;quot; is null">
      <![CDATA[java.lang.NullPointerException: Cannot invoke "String.equals(Object)" because "browserName" is null
at a1_Base_Generic_Methods.Base_Practice.browserLaunch(Base_Practice.java:17)
at Web_Testing.in.letcode.Input_Boxes.chromeLaunch(Input_Boxes.java:23)
at java.base/java.util.concurrent.Executors$RunnableAdapter.call(Executors.java:572)
at java.base/java.util.concurrent.FutureTask.run(FutureTask.java:317)
at java.base/java.util.concurrent.ThreadPoolExecutor.runWorker(ThreadPoolExecutor.java:1144)
at java.base/java.util.concurrent.ThreadPoolExecutor$Worker.run(ThreadPoolExecutor.java:642)
at java.base/java.lang.Thread.run(Thread.java:1583)
... Removed 11 stack frames]]>
    </failure>
  </testcase> <!-- chromeLaunch -->
  <testcase classname="Web_Testing.in.letcode.Input_Boxes" name="inputBoxesValidations" time="0.001"/>
  <testcase classname="Web_Testing.in.letcode.Input_Boxes" name="homePageLogin" time="0.001">
    <skipped/>
  </testcase> <!-- homePageLogin -->
</testsuite> <!-- Browser Test -->
