<?xml version="1.0" encoding="UTF-8"?>
<!-- Generated by org.testng.reporters.JUnitXMLReporter -->
<testsuite ignored="1" hostname="NMSLAP511" failures="0" tests="1" name="ParallelTest" time="0.137" errors="0" timestamp="2025-02-18T13:19:58 IST">
  <testcase classname="Web_Testing.in.letcode.DataProviderTest" name="paraCheck" time="0.028"/>
  <testcase classname="Web_Testing.in.letcode.DataProviderTest" name="loginCheck" time="0.0">
    <ignored/>
  </testcase> <!-- loginCheck -->
</testsuite> <!-- ParallelTest -->
