<?xml version="1.0" encoding="UTF-8"?>
<!-- Generated by org.testng.reporters.JUnitXMLReporter -->
<testsuite ignored="0" hostname="NMSLAP511" failures="0" tests="3" name="ParallelTest" time="29.324" errors="0" timestamp="2025-02-17T12:41:23 IST">
  <testcase classname="Web_Testing.in.letcode.Input_Boxes" name="inputBoxes" time="3.532"/>
  <testcase classname="Web_Testing.in.letcode.Input_Boxes" name="method2" time="3.348"/>
  <testcase classname="Web_Testing.in.letcode.Input_Boxes2" name="inputBoxes" time="7.886"/>
</testsuite> <!-- ParallelTest -->
