<?xml version="1.0" encoding="UTF-8"?>
<testng-results ignored="0" total="3" passed="1" failed="1" skipped="1">
  <reporter-output>
  </reporter-output>
  <suite started-at="2025-06-14T08:25:25 IST" name="Regression_Suite" finished-at="2025-06-14T08:25:25 IST" duration-ms="58">
    <groups>
    </groups>
    <test started-at="2025-06-14T08:25:25 IST" name="Browser Test" finished-at="2025-06-14T08:25:25 IST" duration-ms="58">
      <class name="Web_Testing.in.letcode.Input_Boxes">
        <test-method is-config="true" signature="propFileLoader()[pri:0, instance:Web_Testing.in.letcode.Input_Boxes@1f2586d6]" started-at="2025-06-14T08:25:25 IST" name="propFileLoader" finished-at="2025-06-14T08:25:25 IST" duration-ms="9" status="PASS">
          <reporter-output>
          </reporter-output>
        </test-method> <!-- propFileLoader -->
        <test-method signature="chromeLaunch()[pri:0, instance:Web_Testing.in.letcode.Input_Boxes@1f2586d6]" started-at="2025-06-14T08:25:25 IST" name="chromeLaunch" finished-at="2025-06-14T08:25:25 IST" duration-ms="5" status="FAIL">
          <exception class="java.lang.NullPointerException">
            <message>
              <![CDATA[Cannot invoke "String.equals(Object)" because "browserName" is null]]>
            </message>
            <full-stacktrace>
              <![CDATA[java.lang.NullPointerException: Cannot invoke "String.equals(Object)" because "browserName" is null
at a1_Base_Generic_Methods.Base_Practice.browserLaunch(Base_Practice.java:17)
at Web_Testing.in.letcode.Input_Boxes.chromeLaunch(Input_Boxes.java:23)
at java.base/jdk.internal.reflect.DirectMethodHandleAccessor.invoke(DirectMethodHandleAccessor.java:103)
at java.base/java.lang.reflect.Method.invoke(Method.java:580)
at org.testng.internal.invokers.MethodInvocationHelper.invokeMethod(MethodInvocationHelper.java:141)
at org.testng.internal.invokers.TestInvoker.invokeMethod(TestInvoker.java:687)
at org.testng.internal.invokers.TestInvoker.invokeTestMethod(TestInvoker.java:230)
at org.testng.internal.invokers.MethodRunner.runInSequence(MethodRunner.java:63)
at org.testng.internal.invokers.TestInvoker$MethodInvocationAgent.invoke(TestInvoker.java:995)
at org.testng.internal.invokers.TestInvoker.invokeTestMethods(TestInvoker.java:203)
at org.testng.internal.invokers.TestMethodWorker.invokeTestMethods(TestMethodWorker.java:154)
at org.testng.internal.invokers.TestMethodWorker.run(TestMethodWorker.java:134)
at java.base/java.util.concurrent.Executors$RunnableAdapter.call(Executors.java:572)
at java.base/java.util.concurrent.FutureTask.run(FutureTask.java:317)
at org.testng.internal.thread.graph.TestNGFutureTask.run(TestNGFutureTask.java:22)
at java.base/java.util.concurrent.ThreadPoolExecutor.runWorker(ThreadPoolExecutor.java:1144)
at java.base/java.util.concurrent.ThreadPoolExecutor$Worker.run(ThreadPoolExecutor.java:642)
at java.base/java.lang.Thread.run(Thread.java:1583)
]]>
            </full-stacktrace>
          </exception> <!-- java.lang.NullPointerException -->
          <reporter-output>
          </reporter-output>
        </test-method> <!-- chromeLaunch -->
        <test-method signature="inputBoxesValidations()[pri:0, instance:Web_Testing.in.letcode.Input_Boxes@1f2586d6]" started-at="2025-06-14T08:25:25 IST" name="inputBoxesValidations" finished-at="2025-06-14T08:25:25 IST" duration-ms="1" status="PASS">
          <reporter-output>
          </reporter-output>
        </test-method> <!-- inputBoxesValidations -->
        <test-method signature="homePageLogin()[pri:0, instance:Web_Testing.in.letcode.Input_Boxes@1f2586d6]" started-at="2025-06-14T08:25:25 IST" name="homePageLogin" finished-at="2025-06-14T08:25:25 IST" depends-on-methods="Web_Testing.in.letcode.Input_Boxes.chromeLaunch" duration-ms="1" status="SKIP">
          <exception class="java.lang.Throwable">
            <message>
              <![CDATA[Method Web_Testing.in.letcode.Input_Boxes.homePageLogin() on instance Web_Testing.in.letcode.Input_Boxes@1f2586d6 depends on not successfully finished methods 
[Web_Testing.in.letcode.Input_Boxes.chromeLaunch() on instance Web_Testing.in.letcode.Input_Boxes@1f2586d6]]]>
            </message>
            <full-stacktrace>
              <![CDATA[java.lang.Throwable: Method Web_Testing.in.letcode.Input_Boxes.homePageLogin() on instance Web_Testing.in.letcode.Input_Boxes@1f2586d6 depends on not successfully finished methods 
[Web_Testing.in.letcode.Input_Boxes.chromeLaunch() on instance Web_Testing.in.letcode.Input_Boxes@1f2586d6]
at org.testng.internal.invokers.TestInvoker.invokeTestMethods(TestInvoker.java:159)
at org.testng.internal.invokers.TestMethodWorker.invokeTestMethods(TestMethodWorker.java:154)
at org.testng.internal.invokers.TestMethodWorker.run(TestMethodWorker.java:134)
at java.base/java.util.concurrent.Executors$RunnableAdapter.call(Executors.java:572)
at java.base/java.util.concurrent.FutureTask.run(FutureTask.java:317)
at org.testng.internal.thread.graph.TestNGFutureTask.run(TestNGFutureTask.java:22)
at java.base/java.util.concurrent.ThreadPoolExecutor.runWorker(ThreadPoolExecutor.java:1144)
at java.base/java.util.concurrent.ThreadPoolExecutor$Worker.run(ThreadPoolExecutor.java:642)
at java.base/java.lang.Thread.run(Thread.java:1583)
]]>
            </full-stacktrace>
          </exception> <!-- java.lang.Throwable -->
          <reporter-output>
          </reporter-output>
        </test-method> <!-- homePageLogin -->
      </class> <!-- Web_Testing.in.letcode.Input_Boxes -->
    </test> <!-- Browser Test -->
  </suite> <!-- Regression_Suite -->
</testng-results>
