<?xml version="1.0" encoding="UTF-8"?>
<testng-results ignored="0" total="3" passed="1" failed="1" skipped="1">
  <reporter-output>
  </reporter-output>
  <suite started-at="2025-06-09T11:14:29 IST" name="Default suite" finished-at="2025-06-09T11:14:29 IST" duration-ms="100">
    <groups>
    </groups>
    <test started-at="2025-06-09T11:14:29 IST" name="Default test" finished-at="2025-06-09T11:14:29 IST" duration-ms="100">
      <class name="Web_Testing.in.letcode.Input_Boxes">
        <test-method is-config="true" signature="propFileLoader()[pri:0, instance:Web_Testing.in.letcode.Input_Boxes@4c12331b]" started-at="2025-06-09T11:14:29 IST" name="propFileLoader" finished-at="2025-06-09T11:14:29 IST" duration-ms="25" status="PASS">
          <reporter-output>
          </reporter-output>
        </test-method> <!-- propFileLoader -->
        <test-method signature="chromeLaunch()[pri:0, instance:Web_Testing.in.letcode.Input_Boxes@4c12331b]" started-at="2025-06-09T11:14:29 IST" name="chromeLaunch" finished-at="2025-06-09T11:14:29 IST" duration-ms="9" status="FAIL">
          <exception class="java.lang.NullPointerException">
            <message>
              <![CDATA[Cannot invoke "String.equals(Object)" because "browserName" is null]]>
            </message>
            <full-stacktrace>
              <![CDATA[java.lang.NullPointerException: Cannot invoke "String.equals(Object)" because "browserName" is null
at a1_Base_Generic_Methods.Base_Practice.browserLaunch(Base_Practice.java:17)
at Web_Testing.in.letcode.Input_Boxes.chromeLaunch(Input_Boxes.java:23)
at java.base/jdk.internal.reflect.DirectMethodHandleAccessor.invoke(DirectMethodHandleAccessor.java:103)
at java.base/java.lang.reflect.Method.invoke(Method.java:580)
at org.testng.internal.invokers.MethodInvocationHelper.invokeMethod(MethodInvocationHelper.java:141)
at org.testng.internal.invokers.TestInvoker.invokeMethod(TestInvoker.java:687)
at org.testng.internal.invokers.TestInvoker.invokeTestMethod(TestInvoker.java:230)
at org.testng.internal.invokers.MethodRunner.runInSequence(MethodRunner.java:63)
at org.testng.internal.invokers.TestInvoker$MethodInvocationAgent.invoke(TestInvoker.java:995)
at org.testng.internal.invokers.TestInvoker.invokeTestMethods(TestInvoker.java:203)
at org.testng.internal.invokers.TestMethodWorker.invokeTestMethods(TestMethodWorker.java:154)
at org.testng.internal.invokers.TestMethodWorker.run(TestMethodWorker.java:134)
at java.base/java.util.ArrayList.forEach(ArrayList.java:1596)
at org.testng.TestRunner.privateRun(TestRunner.java:741)
at org.testng.TestRunner.run(TestRunner.java:616)
at org.testng.SuiteRunner.runTest(SuiteRunner.java:421)
at org.testng.SuiteRunner.runSequentially(SuiteRunner.java:413)
at org.testng.SuiteRunner.privateRun(SuiteRunner.java:373)
at org.testng.SuiteRunner.run(SuiteRunner.java:312)
at org.testng.SuiteRunnerWorker.runSuite(SuiteRunnerWorker.java:52)
at org.testng.SuiteRunnerWorker.run(SuiteRunnerWorker.java:95)
at org.testng.TestNG.runSuitesSequentially(TestNG.java:1274)
at org.testng.TestNG.runSuitesLocally(TestNG.java:1208)
at org.testng.TestNG.runSuites(TestNG.java:1112)
at org.testng.TestNG.run(TestNG.java:1079)
at org.testng.remote.AbstractRemoteTestNG.run(AbstractRemoteTestNG.java:115)
at org.testng.remote.RemoteTestNG.initAndRun(RemoteTestNG.java:293)
at org.testng.remote.RemoteTestNG.main(RemoteTestNG.java:91)
]]>
            </full-stacktrace>
          </exception> <!-- java.lang.NullPointerException -->
          <reporter-output>
          </reporter-output>
        </test-method> <!-- chromeLaunch -->
        <test-method signature="inputBoxesValidations()[pri:0, instance:Web_Testing.in.letcode.Input_Boxes@4c12331b]" started-at="2025-06-09T11:14:29 IST" name="inputBoxesValidations" finished-at="2025-06-09T11:14:29 IST" duration-ms="2" status="PASS">
          <reporter-output>
          </reporter-output>
        </test-method> <!-- inputBoxesValidations -->
        <test-method signature="homePageLogin()[pri:0, instance:Web_Testing.in.letcode.Input_Boxes@4c12331b]" started-at="2025-06-09T11:14:29 IST" name="homePageLogin" finished-at="2025-06-09T11:14:29 IST" depends-on-methods="Web_Testing.in.letcode.Input_Boxes.chromeLaunch" duration-ms="0" status="SKIP">
          <exception class="java.lang.Throwable">
            <message>
              <![CDATA[Method Web_Testing.in.letcode.Input_Boxes.homePageLogin() on instance Web_Testing.in.letcode.Input_Boxes@4c12331b depends on not successfully finished methods 
[Web_Testing.in.letcode.Input_Boxes.chromeLaunch() on instance Web_Testing.in.letcode.Input_Boxes@4c12331b]]]>
            </message>
            <full-stacktrace>
              <![CDATA[java.lang.Throwable: Method Web_Testing.in.letcode.Input_Boxes.homePageLogin() on instance Web_Testing.in.letcode.Input_Boxes@4c12331b depends on not successfully finished methods 
[Web_Testing.in.letcode.Input_Boxes.chromeLaunch() on instance Web_Testing.in.letcode.Input_Boxes@4c12331b]
at org.testng.internal.invokers.TestInvoker.invokeTestMethods(TestInvoker.java:159)
at org.testng.internal.invokers.TestMethodWorker.invokeTestMethods(TestMethodWorker.java:154)
at org.testng.internal.invokers.TestMethodWorker.run(TestMethodWorker.java:134)
at java.base/java.util.ArrayList.forEach(ArrayList.java:1596)
at org.testng.TestRunner.privateRun(TestRunner.java:741)
at org.testng.TestRunner.run(TestRunner.java:616)
at org.testng.SuiteRunner.runTest(SuiteRunner.java:421)
at org.testng.SuiteRunner.runSequentially(SuiteRunner.java:413)
at org.testng.SuiteRunner.privateRun(SuiteRunner.java:373)
at org.testng.SuiteRunner.run(SuiteRunner.java:312)
at org.testng.SuiteRunnerWorker.runSuite(SuiteRunnerWorker.java:52)
at org.testng.SuiteRunnerWorker.run(SuiteRunnerWorker.java:95)
at org.testng.TestNG.runSuitesSequentially(TestNG.java:1274)
at org.testng.TestNG.runSuitesLocally(TestNG.java:1208)
at org.testng.TestNG.runSuites(TestNG.java:1112)
at org.testng.TestNG.run(TestNG.java:1079)
at org.testng.remote.AbstractRemoteTestNG.run(AbstractRemoteTestNG.java:115)
at org.testng.remote.RemoteTestNG.initAndRun(RemoteTestNG.java:293)
at org.testng.remote.RemoteTestNG.main(RemoteTestNG.java:91)
]]>
            </full-stacktrace>
          </exception> <!-- java.lang.Throwable -->
          <reporter-output>
          </reporter-output>
        </test-method> <!-- homePageLogin -->
      </class> <!-- Web_Testing.in.letcode.Input_Boxes -->
    </test> <!-- Default test -->
  </suite> <!-- Default suite -->
</testng-results>
